Adding: /home/moonburst/scripts/
Adding: /home/moonburst/.config/dunst/
Adding: /home/moonburst/.config/hypr/
Adding: /home/moonburst/.config/MangoHud/
Adding: /home/moonburst/.config/fuzzel/
Adding: /home/moonburst/.config/sway/
Adding: /home/moonburst/.config/swayidle/
Adding: /home/moonburst/.config/waybar/
Adding: /home/moonburst/.config/Trolltech.conf
Adding: /home/moonburst/.zshrc
[main 7732e20] Automated sync: Sat Mar 22 12:30:00 PM CDT 2025
 1 file changed, 1 insertion(+)
 create mode 100644 scripts/github-updater.log

** (process:2232084): CRITICAL **: 12:30:01.425: store failed: Cannot autolaunch D-Bus without X11 $DISPLAY
To https://github.com/MoonBurst/Dotfiles.git
   d812e63..7732e20  main -> main
Adding: /home/moonburst/scripts/
Adding: /home/moonburst/.config/dunst/
Adding: /home/moonburst/.config/hypr/
Adding: /home/moonburst/.config/MangoHud/
Adding: /home/moonburst/.config/fuzzel/
Adding: /home/moonburst/.config/sway/
Adding: /home/moonburst/.config/swayidle/
Adding: /home/moonburst/.config/waybar/
Adding: /home/moonburst/.config/Trolltech.conf
Adding: /home/moonburst/.zshrc
[main 2b4fec7] Automated sync: Sat Mar 22 01:00:00 PM CDT 2025
 1 file changed, 17 insertions(+)

** (process:371169): CRITICAL **: 13:00:00.899: could not connect to Secret Service: Cannot autolaunch D-Bus without X11 $DISPLAY
fatal: could not read Username for 'https://github.com': No such device or address
Adding: /home/moonburst/scripts/
Adding: /home/moonburst/.config/dunst/
Adding: /home/moonburst/.config/hypr/
Adding: /home/moonburst/.config/MangoHud/
Adding: /home/moonburst/.config/fuzzel/
Adding: /home/moonburst/.config/sway/
Adding: /home/moonburst/.config/swayidle/
Adding: /home/moonburst/.config/waybar/
Adding: /home/moonburst/.config/Trolltech.conf
Adding: /home/moonburst/.zshrc
[main a5cc245] Automated sync: Sat Mar 22 01:30:00 PM CDT 2025
 1 file changed, 15 insertions(+)

** (process:772415): CRITICAL **: 13:30:01.464: store failed: Cannot autolaunch D-Bus without X11 $DISPLAY
To https://github.com/MoonBurst/Dotfiles.git
   7732e20..a5cc245  main -> main
Adding: /home/moonburst/scripts/
Adding: /home/moonburst/.config/dunst/
Adding: /home/moonburst/.config/hypr/
Adding: /home/moonburst/.config/MangoHud/
Adding: /home/moonburst/.config/fuzzel/
Adding: /home/moonburst/.config/sway/
Adding: /home/moonburst/.config/swayidle/
Adding: /home/moonburst/.config/waybar/
Adding: /home/moonburst/.config/Trolltech.conf
Adding: /home/moonburst/.zshrc
[main cc3e4b1] Automated sync: Sat Mar 22 02:00:00 PM CDT 2025
 2 files changed, 20 insertions(+), 4 deletions(-)

** (process:1117225): CRITICAL **: 14:00:01.451: store failed: Cannot autolaunch D-Bus without X11 $DISPLAY
To https://github.com/MoonBurst/Dotfiles.git
   a5cc245..cc3e4b1  main -> main
Adding: /home/moonburst/scripts/
Adding: /home/moonburst/.config/dunst/
Adding: /home/moonburst/.config/hypr/
Adding: /home/moonburst/.config/MangoHud/
Adding: /home/moonburst/.config/fuzzel/
Adding: /home/moonburst/.config/sway/
Adding: /home/moonburst/.config/swayidle/
Adding: /home/moonburst/.config/waybar/
Adding: /home/moonburst/.config/Trolltech.conf
Adding: /home/moonburst/.zshrc
[main d3fa078] Automated sync: Sat Mar 22 02:30:00 PM CDT 2025
 1 file changed, 16 insertions(+)

** (process:1275112): CRITICAL **: 14:30:01.333: store failed: Cannot autolaunch D-Bus without X11 $DISPLAY
To https://github.com/MoonBurst/Dotfiles.git
   cc3e4b1..d3fa078  main -> main
Adding: /home/moonburst/scripts/
Adding: /home/moonburst/.config/dunst/
Adding: /home/moonburst/.config/hypr/
Adding: /home/moonburst/.config/MangoHud/
Adding: /home/moonburst/.config/fuzzel/
Adding: /home/moonburst/.config/sway/
Adding: /home/moonburst/.config/swayidle/
Adding: /home/moonburst/.config/waybar/
Adding: /home/moonburst/.config/Trolltech.conf
Adding: /home/moonburst/.zshrc
[main 5970042] Automated sync: Sat Mar 22 03:00:00 PM CDT 2025
 2 files changed, 17 insertions(+)

** (process:1416234): CRITICAL **: 15:00:01.260: store failed: Cannot autolaunch D-Bus without X11 $DISPLAY
To https://github.com/MoonBurst/Dotfiles.git
   d3fa078..5970042  main -> main
Adding: /home/moonburst/scripts/
Adding: /home/moonburst/.config/dunst/
Adding: /home/moonburst/.config/hypr/
Adding: /home/moonburst/.config/MangoHud/
Adding: /home/moonburst/.config/fuzzel/
Adding: /home/moonburst/.config/sway/
Adding: /home/moonburst/.config/swayidle/
Adding: /home/moonburst/.config/waybar/
Adding: /home/moonburst/.config/Trolltech.conf
Adding: /home/moonburst/.zshrc
[main d4fdc4a] Automated sync: Sat Mar 22 03:30:00 PM CDT 2025
 1 file changed, 16 insertions(+)

** (process:1539930): CRITICAL **: 15:30:01.086: store failed: Cannot autolaunch D-Bus without X11 $DISPLAY
To https://github.com/MoonBurst/Dotfiles.git
   5970042..d4fdc4a  main -> main
Adding: /home/moonburst/scripts/
Adding: /home/moonburst/.config/dunst/
Adding: /home/moonburst/.config/hypr/
Adding: /home/moonburst/.config/MangoHud/
Adding: /home/moonburst/.config/fuzzel/
Adding: /home/moonburst/.config/sway/
Adding: /home/moonburst/.config/swayidle/
Adding: /home/moonburst/.config/waybar/
Adding: /home/moonburst/.config/Trolltech.conf
Adding: /home/moonburst/.zshrc
[main c73e853] Automated sync: Sat Mar 22 04:00:00 PM CDT 2025
 1 file changed, 16 insertions(+)

** (process:1665419): CRITICAL **: 16:00:00.935: store failed: Cannot autolaunch D-Bus without X11 $DISPLAY
To https://github.com/MoonBurst/Dotfiles.git
   d4fdc4a..c73e853  main -> main
Adding: /home/moonburst/scripts/
Adding: /home/moonburst/.config/dunst/
Adding: /home/moonburst/.config/hypr/
Adding: /home/moonburst/.config/MangoHud/
Adding: /home/moonburst/.config/fuzzel/
Adding: /home/moonburst/.config/sway/
Adding: /home/moonburst/.config/swayidle/
Adding: /home/moonburst/.config/waybar/
Adding: /home/moonburst/.config/Trolltech.conf
Adding: /home/moonburst/.zshrc
[main 33904cc] Automated sync: Sat Mar 22 04:30:00 PM CDT 2025
 1 file changed, 16 insertions(+)

** (process:1789580): CRITICAL **: 16:30:00.787: store failed: Cannot autolaunch D-Bus without X11 $DISPLAY
To https://github.com/MoonBurst/Dotfiles.git
   c73e853..33904cc  main -> main
Adding: /home/moonburst/scripts/
Adding: /home/moonburst/.config/dunst/
Adding: /home/moonburst/.config/hypr/
Adding: /home/moonburst/.config/MangoHud/
Adding: /home/moonburst/.config/fuzzel/
Adding: /home/moonburst/.config/sway/
Adding: /home/moonburst/.config/swayidle/
Adding: /home/moonburst/.config/waybar/
Adding: /home/moonburst/.config/Trolltech.conf
Adding: /home/moonburst/.zshrc
[main 9be11ff] Automated sync: Sat Mar 22 05:00:00 PM CDT 2025
 1 file changed, 16 insertions(+)

** (process:1914816): CRITICAL **: 17:00:00.603: store failed: Cannot autolaunch D-Bus without X11 $DISPLAY
To https://github.com/MoonBurst/Dotfiles.git
   33904cc..9be11ff  main -> main
Adding: /home/moonburst/scripts/
Adding: /home/moonburst/.config/dunst/
Adding: /home/moonburst/.config/hypr/
Adding: /home/moonburst/.config/MangoHud/
Adding: /home/moonburst/.config/fuzzel/
Adding: /home/moonburst/.config/sway/
Adding: /home/moonburst/.config/swayidle/
Adding: /home/moonburst/.config/waybar/
Adding: /home/moonburst/.config/Trolltech.conf
Adding: /home/moonburst/.zshrc
[main c45d4ae] Automated sync: Sat Mar 22 05:30:00 PM CDT 2025
 1 file changed, 16 insertions(+)

** (process:2038570): CRITICAL **: 17:30:00.558: store failed: Cannot autolaunch D-Bus without X11 $DISPLAY
To https://github.com/MoonBurst/Dotfiles.git
   9be11ff..c45d4ae  main -> main
Adding: /home/moonburst/scripts/
Adding: /home/moonburst/.config/dunst/
Adding: /home/moonburst/.config/hypr/
Adding: /home/moonburst/.config/MangoHud/
Adding: /home/moonburst/.config/fuzzel/
Adding: /home/moonburst/.config/sway/
Adding: /home/moonburst/.config/swayidle/
Adding: /home/moonburst/.config/waybar/
Adding: /home/moonburst/.config/Trolltech.conf
Adding: /home/moonburst/.zshrc
[main d24c7cf] Automated sync: Sat Mar 22 06:00:00 PM CDT 2025
 1 file changed, 16 insertions(+)

** (process:2162869): CRITICAL **: 18:00:01.492: store failed: Cannot autolaunch D-Bus without X11 $DISPLAY
To https://github.com/MoonBurst/Dotfiles.git
   c45d4ae..d24c7cf  main -> main
Adding: /home/moonburst/scripts/
